 INFO: nweb starting:2019:15158
 INFO: nweb starting:2019:15166
ERROR: system call:bind Errno=98 exiting pid=15166
 INFO: request:GET / HTTP/1.1**Host: localhost:2019**User-Agent: Mozilla/5.0 (X11; Ubuntu; Linux x86_64; rv:65.0) Gecko/20100101 Firefox/65.0**Accept: text/html,application/xhtml+xml,application/xml;q=0.9,image/webp,*/*;q=0.8**Accept-Language: en-US,en;q=0.5**Accept-Encoding: gzip, deflate**Connection: keep-alive**Upgrade-Insecure-Requests: 1****:1
 INFO: SEND:index.html:1
 INFO: Header:HTTP/1.1 200 OK
Server: nweb/23.0
Content-Length: 248
Connection: close
Content-Type: text/html

:1
 INFO: request:GET /favicon.ico HTTP/1.1**Host: localhost:2019**User-Agent: Mozilla/5.0 (X11; Ubuntu; Linux x86_64; rv:65.0) Gecko/20100101 Firefox/65.0**Accept: text/html,application/xhtml+xml,application/xml;q=0.9,image/webp,*/*;q=0.8**Accept-Language: en-US,en;q=0.5**Accept-Encoding: gzip, deflate**Connection: keep-alive****:2
NOT FOUND: failed to open file:favicon.ico
 INFO: request:GET / HTTP/1.1**Host: localhost:2019**User-Agent: Mozilla/5.0 (X11; Ubuntu; Linux x86_64; rv:65.0) Gecko/20100101 Firefox/65.0**Accept: text/html,application/xhtml+xml,application/xml;q=0.9,image/webp,*/*;q=0.8**Accept-Language: en-US,en;q=0.5**Accept-Encoding: gzip, deflate**DNT: 1**Connection: keep-alive**Upgrade-Insecure-Requests: 1**Pragma: no-cache**Cache-Control: no-cache****:3
 INFO: SEND:index.html:3
 INFO: Header:HTTP/1.1 200 OK
Server: nweb/23.0
Content-Length: 248
Connection: close
Content-Type: text/html

:3
 INFO: request:GET /favicon.ico HTTP/1.1**Host: localhost:2019**User-Agent: Mozilla/5.0 (X11; Ubuntu; Linux x86_64; rv:65.0) Gecko/20100101 Firefox/65.0**Accept: text/html,application/xhtml+xml,application/xml;q=0.9,image/webp,*/*;q=0.8**Accept-Language: en-US,en;q=0.5**Accept-Encoding: gzip, deflate**DNT: 1**Connection: keep-alive**Pragma: no-cache**Cache-Control: no-cache****:4
NOT FOUND: failed to open file:favicon.ico
 INFO: request:GET / HTTP/1.1**Host: localhost:2019**User-Agent: Mozilla/5.0 (X11; Ubuntu; Linux x86_64; rv:65.0) Gecko/20100101 Firefox/65.0**Accept: text/html,application/xhtml+xml,application/xml;q=0.9,image/webp,*/*;q=0.8**Accept-Language: en-US,en;q=0.5**Accept-Encoding: gzip, deflate**Connection: keep-alive**Upgrade-Insecure-Requests: 1****:5
 INFO: SEND:index.html:5
 INFO: Header:HTTP/1.1 200 OK
Server: nweb/23.0
Content-Length: 248
Connection: close
Content-Type: text/html

:5
 INFO: request:GET /favicon.ico HTTP/1.1**Host: localhost:2019**User-Agent: Mozilla/5.0 (X11; Ubuntu; Linux x86_64; rv:65.0) Gecko/20100101 Firefox/65.0**Accept: text/html,application/xhtml+xml,application/xml;q=0.9,image/webp,*/*;q=0.8**Accept-Language: en-US,en;q=0.5**Accept-Encoding: gzip, deflate**Connection: keep-alive****:6
NOT FOUND: failed to open file:favicon.ico
 INFO: nweb starting:2019:15476
ERROR: system call:bind Errno=98 exiting pid=15476
 INFO: nweb starting:2019:15547
 INFO: request:GET / HTTP/1.1**Host: localhost:2019**User-Agent: Mozilla/5.0 (X11; Ubuntu; Linux x86_64; rv:65.0) Gecko/20100101 Firefox/65.0**Accept: text/html,application/xhtml+xml,application/xml;q=0.9,image/webp,*/*;q=0.8**Accept-Language: en-US,en;q=0.5**Accept-Encoding: gzip, deflate**Connection: keep-alive**Upgrade-Insecure-Requests: 1****:1
 INFO: SEND:index.html:1
 INFO: Header:HTTP/1.1 200 OK
Server: nweb/23.0
Content-Length: 248
Connection: close
Content-Type: text/html

:1
 INFO: nweb starting:2019:15976
ERROR: system call:bind Errno=98 exiting pid=15976
 INFO: nweb starting:2019:15993
ERROR: system call:bind Errno=98 exiting pid=15993
 INFO: nweb starting:2019:16003
ERROR: system call:bind Errno=98 exiting pid=16003
 INFO: nweb starting:2019:1967
 INFO: request:GET / HTTP/1.1**Host: localhost:2019**User-Agent: Mozilla/5.0 (X11; Ubuntu; Linux x86_64; rv:65.0) Gecko/20100101 Firefox/65.0**Accept: text/html,application/xhtml+xml,application/xml;q=0.9,image/webp,*/*;q=0.8**Accept-Language: en-US,en;q=0.5**Accept-Encoding: gzip, deflate**Connection: keep-alive**Upgrade-Insecure-Requests: 1****:1
 INFO: SEND:index.html:1
 INFO: Header:HTTP/1.1 200 OK
Server: nweb/23.0
Content-Length: 248
Connection: close
Content-Type: text/html

:1
 INFO: request:GET ./nigel.jpg HTTP/1.0****:2
NOT FOUND: failed to open file:/nigel.jpg
 INFO: request:GET nigel.jpg HTTP/1.0****:3
NOT FOUND: failed to open file:igel.jpg
 INFO: request:GET nigel.jpg HTTP/1.0****:4
NOT FOUND: failed to open file:igel.jpg
 INFO: request:GET index.html HTTP/1.0****:5
NOT FOUND: failed to open file:ndex.html
 INFO: request:GET index.html HTTP/1.0****:6
NOT FOUND: failed to open file:ndex.html
 INFO: request:GET index.html HTTP/1.0****:7
NOT FOUND: failed to open file:ndex.html
 INFO: nweb starting:2019:2340
 INFO: request:GET index.html HTTP/1.0****:1
NOT FOUND: failed to open file:ndex.html
 INFO: request:GET index.html HTTP/1.0****:2
NOT FOUND: failed to open file:ndex.html
 INFO: request:GET index.html HTTP/1.0****:3
NOT FOUND: failed to open file:ndex.html
 INFO: request:GET index.html HTTP/1.0****:4
NOT FOUND: failed to open file:ndex.html
 INFO: request:GET ./index.html HTTP/1.0****:5
NOT FOUND: failed to open file:/index.html
 INFO: request:GET index.html HTTP/1.0****:6
NOT FOUND: failed to open file:ndex.html
 INFO: request:GET index.html HTTP/1.0****:7
NOT FOUND: failed to open file:ndex.html
 INFO: request:GET index.html HTTP/1.0****:8
NOT FOUND: failed to open file:ndex.html
 INFO: request:GET index.html HTTP/1.0****:9
NOT FOUND: failed to open file:ndex.html
 INFO: request:GET index.html HTTP/1.0****:10
NOT FOUND: failed to open file:ndex.html
 INFO: request:GET index.html HTTP/1.0****:11
NOT FOUND: failed to open file:ndex.html
 INFO: request:GET index.html HTTP/1.0****:12
NOT FOUND: failed to open file:ndex.html
 INFO: nweb starting:8080:2518
 INFO: request:GET index.html HTTP/1.0****:1
NOT FOUND: failed to open file:ndex.html
 INFO: request:GET /index.html HTTP/1.0****:2
 INFO: SEND:index.html:2
 INFO: Header:HTTP/1.1 200 OK
Server: nweb/23.0
Content-Length: 248
Connection: close
Content-Type: text/html

:2
 INFO: request:GET /index.html HTTP/1.0****:3
 INFO: SEND:index.html:3
 INFO: Header:HTTP/1.1 200 OK
Server: nweb/23.0
Content-Length: 248
Connection: close
Content-Type: text/html

:3
 INFO: request:GET /nigel.jpg HTTP/1.0****:4
 INFO: SEND:nigel.jpg:4
 INFO: Header:HTTP/1.1 200 OK
Server: nweb/23.0
Content-Length: 10184
Connection: close
Content-Type: image/jpg

:4
 INFO: nweb starting:8080:2869
ERROR: system call:bind Errno=98 exiting pid=2869
 INFO: request:GET index.html HTTP/1.0****:5
NOT FOUND: failed to open file:ndex.html
 INFO: request:GET /index.html HTTP/1.0****:6
 INFO: SEND:index.html:6
 INFO: Header:HTTP/1.1 200 OK
Server: nweb/23.0
Content-Length: 248
Connection: close
Content-Type: text/html

:6
 INFO: request:GET /nigel.jpg HTTP/1.0****:7
 INFO: SEND:nigel.jpg:7
 INFO: Header:HTTP/1.1 200 OK
Server: nweb/23.0
Content-Length: 10184
Connection: close
Content-Type: image/jpg

:7
 INFO: request:GET /nigel.jpg HTTP/1.0****:8
 INFO: SEND:nigel.jpg:8
 INFO: Header:HTTP/1.1 200 OK
Server: nweb/23.0
Content-Length: 10184
Connection: close
Content-Type: image/jpg

:8
 INFO: request:GET /nigel.jpg HTTP/1.0****:9
 INFO: SEND:nigel.jpg:9
 INFO: Header:HTTP/1.1 200 OK
Server: nweb/23.0
Content-Length: 10184
Connection: close
Content-Type: image/jpg

:9
 INFO: request:GET /nigel.jpg HTTP/1.0****:10
 INFO: SEND:nigel.jpg:10
 INFO: Header:HTTP/1.1 200 OK
Server: nweb/23.0
Content-Length: 10184
Connection: close
Content-Type: image/jpg

:10
